irun: 09.20-p007: (c) Copyright 1995-2009 Cadence Design Systems, Inc.
TOOL:	irun	09.20-p007: Started on Sep 08, 2014 at 20:54:52 JST
irun
	+access+wrc
	factorial.sv
	-input wave.tcl
Loading snapshot worklib.test:sv .................... Done
ncsim> source /usr/cadence/IUS9.2/tools/inca/files/ncsimrc
ncsim> 
ncsim> # NC-Sim Command File
ncsim> # TOOL:	ncsim	09.20-p007
ncsim> #
ncsim> #
ncsim> # You can restore this configuration with:
ncsim> #
ncsim> #     irun +access+wrc factorial.sv -input wave.tcl -input /home/shaokc/Configure_files_master/IC/Digital/Verification/sv/5/restore.tcl
ncsim> #
ncsim> 
ncsim> database -open -shm -into ./skmobile skmobile -default -event
Created default SHM database skmobile
ncsim> 
ncsim> probe -create -all -variables -database skmobile
Created probe 1
ncsim> #probe -create -database waves test.reg_a
ncsim> run
                   1
1!=1
                   3
2!=2
                   5
3!=6
                   7
4!=24
                   9
5!=120
                  11
6!=720
                  13
7!=5040
                  15
8!=40320
                  17
9!=362880
                  19
10!=3628800
                  21
11!=39916800
                  23
12!=479001600
                  25
13!=1932053504
                  27
14!=1278945280
                  29
15!=2004310016
                  31
16!=2004189184
                  33
17!=-288522240
                  35
18!=-898433024
                  37
19!=109641728
                  39
20!=-2102132736
Simulation complete via implicit call to $finish(1) at time 40 NS + 1
./factorial.sv:4 program test;
ncsim> exit
TOOL:	irun	09.20-p007: Exiting on Sep 08, 2014 at 20:55:02 JST  (total: 00:00:10)
